<?xml version="1.0" encoding="UTF-8"?>
<!-- Generated by org.testng.reporters.JUnitReportReporter -->
<testsuite skipped="0" hostname="Andrews-MacBook-Pro.local" name="com.revature.testng.CurriculaCoreTests" tests="6" failures="0" timestamp="17 May 2018 19:19:03 GMT" time="15.735" errors="0">
  <testcase name="f" time="0.005" classname="com.revature.testng.CurriculaCoreTests"/>
  <testcase name="f" time="0.010" classname="com.revature.testng.CurriculaCoreTests"/>
  <testcase name="loginSuccessful" time="8.015" classname="com.revature.testng.CurriculaCoreTests"/>
  <testcase name="goToCurriculaPage" time="4.299" classname="com.revature.testng.CurriculaCoreTests"/>
  <testcase name="clickAddButton" time="0.484" classname="com.revature.testng.CurriculaCoreTests"/>
  <testcase name="addToCoreThenCancel" time="2.922" classname="com.revature.testng.CurriculaCoreTests"/>
</testsuite> <!-- com.revature.testng.CurriculaCoreTests -->
