<?xml version="1.0" encoding="UTF-8"?>
<!-- Generated by org.testng.reporters.JUnitReportReporter -->
<testsuite skipped="0" hostname="Andrews-MacBook-Pro.local" name="com.revature.testng.TrainersTests" tests="8" failures="0" timestamp="17 May 2018 20:32:18 GMT" time="85.639" errors="0">
  <testcase name="findTrainersPage" time="18.729" classname="com.revature.testng.TrainersTests"/>
  <testcase name="createTrainWithoutFirstName" time="4.354" classname="com.revature.testng.TrainersTests"/>
  <testcase name="createTrainWithoutLastName" time="3.828" classname="com.revature.testng.TrainersTests"/>
  <testcase name="createNewTrainer" time="27.561" classname="com.revature.testng.TrainersTests"/>
  <testcase name="deactivateTrainer" time="10.684" classname="com.revature.testng.TrainersTests"/>
  <testcase name="activateTrainer" time="8.637" classname="com.revature.testng.TrainersTests"/>
  <testcase name="getResumeFormIndividualWithNoResume" time="0.274" classname="com.revature.testng.TrainersTests"/>
  <testcase name="viewPTOcalanderPage" time="11.572" classname="com.revature.testng.TrainersTests"/>
</testsuite> <!-- com.revature.testng.TrainersTests -->
