<?xml version="1.0" encoding="UTF-8"?>
<!-- Generated by org.testng.reporters.JUnitReportReporter -->
<testsuite skipped="5" hostname="WINDOWS-A0EN0AG" name="com.revature.testng.TrainersTests" tests="8" failures="0" timestamp="17 May 2018 14:32:50 GMT" time="9.200" errors="0">
  <testcase name="findTrainersPage" time="7.063" classname="com.revature.testng.TrainersTests"/>
  <testcase name="getResumeFormIndividualWithNoResume" time="0.893" classname="com.revature.testng.TrainersTests"/>
  <testcase name="viewPTOcalanderPage" time="1.244" classname="com.revature.testng.TrainersTests"/>
  <testcase name="createNewTrainer" classname="com.revature.testng.TrainersTests">
    <skipped/>
  </testcase> <!-- createNewTrainer -->
  <testcase name="createTrainWithoutLastName" classname="com.revature.testng.TrainersTests">
    <skipped/>
  </testcase> <!-- createTrainWithoutLastName -->
  <testcase name="activateTrainer" classname="com.revature.testng.TrainersTests">
    <skipped/>
  </testcase> <!-- activateTrainer -->
  <testcase name="createTrainWithoutFirstName" classname="com.revature.testng.TrainersTests">
    <skipped/>
  </testcase> <!-- createTrainWithoutFirstName -->
  <testcase name="deactivateTrainer" classname="com.revature.testng.TrainersTests">
    <skipped/>
  </testcase> <!-- deactivateTrainer -->
</testsuite> <!-- com.revature.testng.TrainersTests -->
