<?xml version="1.0" encoding="UTF-8"?>
<!-- Generated by org.testng.reporters.JUnitReportReporter -->
<testsuite skipped="0" hostname="WINDOWS-A0EN0AG" name="com.revature.testng.SalesforceLoginTest" tests="5" failures="0" timestamp="11 May 2018 15:12:24 GMT" time="55.149" errors="0">
  <testcase name="findLoginPageSuccessful" time="17.760" classname="com.revature.testng.SalesforceLoginTest"/>
  <testcase name="loginAsTrainerWithWrongCredentials" time="6.937" classname="com.revature.testng.SalesforceLoginTest"/>
  <testcase name="loginAsTrainerSuccessful" time="8.740" classname="com.revature.testng.SalesforceLoginTest"/>
  <testcase name="loginAsTrainerLandsOnHomePage" time="11.950" classname="com.revature.testng.SalesforceLoginTest"/>
  <testcase name="loginAsVpSuccessful" time="9.762" classname="com.revature.testng.SalesforceLoginTest"/>
</testsuite> <!-- com.revature.testng.SalesforceLoginTest -->
