<?xml version="1.0" encoding="UTF-8"?>
<!-- Generated by org.testng.reporters.JUnitReportReporter -->
<testsuite skipped="0" hostname="Andrews-MacBook-Pro.local" name="com.revature.testng.SalesforceLoginTest" tests="5" failures="0" timestamp="09 May 2018 18:05:30 GMT" time="6.037" errors="0">
  <testcase name="loginAsTrainerWithWrongCredentials" time="0.001" classname="com.revature.testng.SalesforceLoginTest"/>
  <testcase name="findLoginPageSuccessful" time="1.674" classname="com.revature.testng.SalesforceLoginTest"/>
  <testcase name="loginAsTrainerSuccessful" time="4.332" classname="com.revature.testng.SalesforceLoginTest"/>
  <testcase name="f" time="0.015" classname="com.revature.testng.SalesforceLoginTest"/>
  <testcase name="f" time="0.015" classname="com.revature.testng.SalesforceLoginTest"/>
</testsuite> <!-- com.revature.testng.SalesforceLoginTest -->
