<?xml version="1.0" encoding="UTF-8"?>
<!-- Generated by org.testng.reporters.JUnitReportReporter -->
<testsuite skipped="0" hostname="Andrews-MacBook-Pro.local" name="com.revature.testng.CurriculaCoreTests" tests="6" failures="0" timestamp="17 May 2018 18:12:39 GMT" time="14.842" errors="0">
  <testcase name="f" time="0.003" classname="com.revature.testng.CurriculaCoreTests"/>
  <testcase name="f" time="0.013" classname="com.revature.testng.CurriculaCoreTests"/>
  <testcase name="loginSuccessful" time="7.798" classname="com.revature.testng.CurriculaCoreTests"/>
  <testcase name="goToCurriculaPage" time="3.377" classname="com.revature.testng.CurriculaCoreTests"/>
  <testcase name="clickAddButton" time="0.376" classname="com.revature.testng.CurriculaCoreTests"/>
  <testcase name="addToCoreThenCancel" time="3.275" classname="com.revature.testng.CurriculaCoreTests"/>
</testsuite> <!-- com.revature.testng.CurriculaCoreTests -->
