<?xml version="1.0" encoding="UTF-8"?>
<!-- Generated by org.testng.reporters.JUnitReportReporter -->
<testsuite skipped="0" hostname="Andrews-MacBook-Pro.local" name="com.revature.testng.CurriculaCoreTests" tests="6" failures="0" timestamp="16 May 2018 20:54:14 GMT" time="12.903" errors="0">
  <testcase name="f" time="0.006" classname="com.revature.testng.CurriculaCoreTests"/>
  <testcase name="f" time="0.007" classname="com.revature.testng.CurriculaCoreTests"/>
  <testcase name="loginSuccessful" time="7.964" classname="com.revature.testng.CurriculaCoreTests"/>
  <testcase name="goToCurriculaPage" time="3.048" classname="com.revature.testng.CurriculaCoreTests"/>
  <testcase name="clickAddButton" time="0.732" classname="com.revature.testng.CurriculaCoreTests"/>
  <testcase name="addToCore" time="1.146" classname="com.revature.testng.CurriculaCoreTests"/>
</testsuite> <!-- com.revature.testng.CurriculaCoreTests -->
