<?xml version="1.0" encoding="UTF-8"?>
<!-- Generated by org.testng.reporters.JUnitReportReporter -->
<testsuite skipped="0" hostname="Andrews-MacBook-Pro.local" name="com.revature.testng.CurriculaCoreTests" tests="6" failures="0" timestamp="17 May 2018 16:22:43 GMT" time="14.116" errors="0">
  <testcase name="f" time="0.012" classname="com.revature.testng.CurriculaCoreTests"/>
  <testcase name="f" time="0.026" classname="com.revature.testng.CurriculaCoreTests"/>
  <testcase name="loginSuccessful" time="7.560" classname="com.revature.testng.CurriculaCoreTests"/>
  <testcase name="goToCurriculaPage" time="3.349" classname="com.revature.testng.CurriculaCoreTests"/>
  <testcase name="clickAddButton" time="0.382" classname="com.revature.testng.CurriculaCoreTests"/>
  <testcase name="addToCoreThenCancel" time="2.787" classname="com.revature.testng.CurriculaCoreTests"/>
</testsuite> <!-- com.revature.testng.CurriculaCoreTests -->
