<?xml version="1.0" encoding="UTF-8"?>
<!-- Generated by org.testng.reporters.JUnitReportReporter -->
<testsuite skipped="0" hostname="DESKTOP-6MTCCLC" name="com.revature.testng.LocationsTestRunner" tests="1" failures="0" timestamp="11 May 2018 15:25:47 GMT" time="0.032" errors="0">
  <testcase name="feature" time="0.032" classname="com.revature.testng.LocationsTestRunner"/>
</testsuite> <!-- com.revature.testng.LocationsTestRunner -->
