<?xml version="1.0" encoding="UTF-8"?>
<!-- Generated by org.testng.reporters.JUnitReportReporter -->
<testsuite skipped="0" hostname="Andrews-MacBook-Pro.local" name="com.revature.testng.CurriculaCoreTests" tests="7" failures="0" timestamp="17 May 2018 20:18:10 GMT" time="20.675" errors="0">
  <testcase name="f" time="0.003" classname="com.revature.testng.CurriculaCoreTests"/>
  <testcase name="f" time="0.011" classname="com.revature.testng.CurriculaCoreTests"/>
  <testcase name="loginSuccessful" time="9.750" classname="com.revature.testng.CurriculaCoreTests"/>
  <testcase name="goToCurriculaPage" time="4.081" classname="com.revature.testng.CurriculaCoreTests"/>
  <testcase name="clickAddButton" time="0.373" classname="com.revature.testng.CurriculaCoreTests"/>
  <testcase name="addToCoreThenCancel" time="2.996" classname="com.revature.testng.CurriculaCoreTests"/>
  <testcase name="addToCoreThenSave" time="3.461" classname="com.revature.testng.CurriculaCoreTests"/>
</testsuite> <!-- com.revature.testng.CurriculaCoreTests -->
