<?xml version="1.0" encoding="UTF-8"?>
<!-- Generated by org.testng.reporters.JUnitReportReporter -->
<testsuite skipped="0" hostname="Andrews-MacBook-Pro.local" name="com.revature.testng.SalesforceLoginTest" tests="5" failures="0" timestamp="09 May 2018 18:23:13 GMT" time="5.223" errors="0">
  <testcase name="f" time="0.034" classname="com.revature.testng.SalesforceLoginTest"/>
  <testcase name="loginAsTrainerSuccessful" time="3.854" classname="com.revature.testng.SalesforceLoginTest"/>
  <testcase name="f" time="0.043" classname="com.revature.testng.SalesforceLoginTest"/>
  <testcase name="findLoginPageSuccessful" time="1.290" classname="com.revature.testng.SalesforceLoginTest"/>
  <testcase name="loginAsTrainerWithWrongCredentials" time="0.002" classname="com.revature.testng.SalesforceLoginTest"/>
</testsuite> <!-- com.revature.testng.SalesforceLoginTest -->
