<?xml version="1.0" encoding="UTF-8"?>
<!-- Generated by org.testng.reporters.JUnitReportReporter -->
<testsuite skipped="0" hostname="DESKTOP-6MTCCLC" name="com.revature.testng.SalesforceLoginTest" tests="5" failures="0" timestamp="10 May 2018 19:37:09 GMT" time="90.783" errors="0">
  <testcase name="findLoginPageSuccessful" time="23.588" classname="com.revature.testng.SalesforceLoginTest"/>
  <testcase name="loginAsTrainerWithWrongCredentials" time="9.711" classname="com.revature.testng.SalesforceLoginTest"/>
  <testcase name="loginAsTrainerSuccessful" time="21.023" classname="com.revature.testng.SalesforceLoginTest"/>
  <testcase name="loginAsTrainerLandsOnHomePage" time="23.044" classname="com.revature.testng.SalesforceLoginTest"/>
  <testcase name="loginAsVpSuccessful" time="13.417" classname="com.revature.testng.SalesforceLoginTest"/>
</testsuite> <!-- com.revature.testng.SalesforceLoginTest -->
