<?xml version="1.0" encoding="UTF-8"?>
<!-- Generated by org.testng.reporters.JUnitReportReporter -->
<testsuite skipped="0" hostname="DESKTOP-6MTCCLC" name="com.revature.testng.CurriculaCoreTests" tests="6" failures="0" timestamp="17 May 2018 19:10:59 GMT" time="27.338" errors="0">
  <testcase name="f" time="0.007" classname="com.revature.testng.CurriculaCoreTests"/>
  <testcase name="f" time="0.048" classname="com.revature.testng.CurriculaCoreTests"/>
  <testcase name="loginSuccessful" time="15.411" classname="com.revature.testng.CurriculaCoreTests"/>
  <testcase name="goToCurriculaPage" time="5.988" classname="com.revature.testng.CurriculaCoreTests"/>
  <testcase name="clickAddButton" time="0.417" classname="com.revature.testng.CurriculaCoreTests"/>
  <testcase name="addToCoreThenCancel" time="5.467" classname="com.revature.testng.CurriculaCoreTests"/>
</testsuite> <!-- com.revature.testng.CurriculaCoreTests -->
