<?xml version="1.0" encoding="UTF-8"?>
<!-- Generated by org.testng.reporters.JUnitReportReporter -->
<testsuite skipped="0" hostname="Andrews-MacBook-Pro.local" name="com.revature.testng.CurriculaCoreTests" tests="6" failures="0" timestamp="17 May 2018 19:01:05 GMT" time="16.880" errors="0">
  <testcase name="f" time="0.014" classname="com.revature.testng.CurriculaCoreTests"/>
  <testcase name="f" time="0.007" classname="com.revature.testng.CurriculaCoreTests"/>
  <testcase name="loginSuccessful" time="8.108" classname="com.revature.testng.CurriculaCoreTests"/>
  <testcase name="goToCurriculaPage" time="5.007" classname="com.revature.testng.CurriculaCoreTests"/>
  <testcase name="clickAddButton" time="0.449" classname="com.revature.testng.CurriculaCoreTests"/>
  <testcase name="addToCoreThenCancel" time="3.295" classname="com.revature.testng.CurriculaCoreTests"/>
</testsuite> <!-- com.revature.testng.CurriculaCoreTests -->
