<?xml version="1.0" encoding="UTF-8"?>
<!-- Generated by org.testng.reporters.JUnitReportReporter -->
<testsuite skipped="0" hostname="Andrews-MacBook-Pro.local" name="com.revature.testng.CurriculaCoreTests" tests="7" failures="0" timestamp="17 May 2018 20:22:30 GMT" time="18.658" errors="0">
  <testcase name="f" time="0.005" classname="com.revature.testng.CurriculaCoreTests"/>
  <testcase name="f" time="0.010" classname="com.revature.testng.CurriculaCoreTests"/>
  <testcase name="loginSuccessful" time="8.345" classname="com.revature.testng.CurriculaCoreTests"/>
  <testcase name="goToCurriculaPage" time="3.864" classname="com.revature.testng.CurriculaCoreTests"/>
  <testcase name="clickAddButton" time="0.396" classname="com.revature.testng.CurriculaCoreTests"/>
  <testcase name="addToCoreThenCancel" time="2.849" classname="com.revature.testng.CurriculaCoreTests"/>
  <testcase name="addToCoreThenSave" time="3.189" classname="com.revature.testng.CurriculaCoreTests"/>
</testsuite> <!-- com.revature.testng.CurriculaCoreTests -->
