<?xml version="1.0" encoding="UTF-8"?>
<!-- Generated by org.testng.reporters.JUnitReportReporter -->
<testsuite skipped="0" hostname="Andrews-MacBook-Pro.local" name="com.revature.testng.SalesforceLoginTest" tests="7" failures="0" timestamp="11 May 2018 14:42:53 GMT" time="95.122" errors="0">
  <testcase name="findLoginPageSuccessful" time="20.165" classname="com.revature.testng.SalesforceLoginTest"/>
  <testcase name="loginAsTrainerWithWrongCredentials" time="6.983" classname="com.revature.testng.SalesforceLoginTest"/>
  <testcase name="loginAsTrainerSuccessful" time="10.160" classname="com.revature.testng.SalesforceLoginTest"/>
  <testcase name="homePageDisplaysAllBatches" time="14.752" classname="com.revature.testng.SalesforceLoginTest"/>
  <testcase name="navigationTagsActive" time="13.702" classname="com.revature.testng.SalesforceLoginTest"/>
  <testcase name="filterSuccessful" time="19.622" classname="com.revature.testng.SalesforceLoginTest"/>
  <testcase name="loginAsVpSuccessful" time="9.738" classname="com.revature.testng.SalesforceLoginTest"/>
</testsuite> <!-- com.revature.testng.SalesforceLoginTest -->
