<?xml version="1.0" encoding="UTF-8"?>
<!-- Generated by org.testng.reporters.JUnitReportReporter -->
<testsuite skipped="0" hostname="Andrews-MacBook-Pro.local" name="com.revature.testng.SalesforceLoginTest" tests="5" failures="0" timestamp="09 May 2018 17:17:48 GMT" time="5.715" errors="0">
  <testcase name="f" time="0.032" classname="com.revature.testng.SalesforceLoginTest"/>
  <testcase name="loginAsTrainerSuccessful" time="4.069" classname="com.revature.testng.SalesforceLoginTest"/>
  <testcase name="f" time="0.049" classname="com.revature.testng.SalesforceLoginTest"/>
  <testcase name="findLoginPageSuccessful" time="1.557" classname="com.revature.testng.SalesforceLoginTest"/>
  <testcase name="loginAsTrainerWithWrongCredentials" time="0.008" classname="com.revature.testng.SalesforceLoginTest"/>
</testsuite> <!-- com.revature.testng.SalesforceLoginTest -->
