<?xml version="1.0" encoding="UTF-8"?>
<!-- Generated by org.testng.reporters.JUnitReportReporter -->
<testsuite skipped="0" hostname="Andrews-MacBook-Pro.local" name="com.revature.testng.SalesforceLoginTest" tests="5" failures="0" timestamp="10 May 2018 15:19:38 GMT" time="32.320" errors="0">
  <testcase name="findLoginPageSuccessful" time="3.279" classname="com.revature.testng.SalesforceLoginTest"/>
  <testcase name="loginAsTrainerWithWrongCredentials" time="5.774" classname="com.revature.testng.SalesforceLoginTest"/>
  <testcase name="loginAsTrainerSuccessful" time="5.031" classname="com.revature.testng.SalesforceLoginTest"/>
  <testcase name="loginAsTrainerLandsOnHomePage" time="12.532" classname="com.revature.testng.SalesforceLoginTest"/>
  <testcase name="loginAsVpSuccessful" time="5.704" classname="com.revature.testng.SalesforceLoginTest"/>
</testsuite> <!-- com.revature.testng.SalesforceLoginTest -->
