<?xml version="1.0" encoding="UTF-8"?>
<!-- Generated by org.testng.reporters.JUnitReportReporter -->
<testsuite skipped="0" hostname="Andrews-MacBook-Pro.local" name="com.revature.testng.CurriculaCoreTests" tests="6" failures="0" timestamp="17 May 2018 16:09:05 GMT" time="14.185" errors="0">
  <testcase name="f" time="0.002" classname="com.revature.testng.CurriculaCoreTests"/>
  <testcase name="f" time="0.009" classname="com.revature.testng.CurriculaCoreTests"/>
  <testcase name="loginSuccessful" time="6.832" classname="com.revature.testng.CurriculaCoreTests"/>
  <testcase name="goToCurriculaPage" time="4.116" classname="com.revature.testng.CurriculaCoreTests"/>
  <testcase name="clickAddButton" time="0.406" classname="com.revature.testng.CurriculaCoreTests"/>
  <testcase name="addToCoreThenCancel" time="2.820" classname="com.revature.testng.CurriculaCoreTests"/>
</testsuite> <!-- com.revature.testng.CurriculaCoreTests -->
