<?xml version="1.0" encoding="UTF-8"?>
<!-- Generated by org.testng.reporters.JUnitReportReporter -->
<testsuite skipped="0" hostname="Andrews-MacBook-Pro.local" name="com.revature.test_andy.AndyTestOne" tests="3" failures="0" timestamp="09 May 2018 14:59:13 GMT" time="2.021" errors="0">
  <testcase name="findLoginPageSuccessful" time="1.725" classname="com.revature.test_andy.AndyTestOne"/>
  <testcase name="f" time="0.003" classname="com.revature.test_andy.AndyTestOne"/>
  <testcase name="f" time="0.293" classname="com.revature.test_andy.AndyTestOne"/>
</testsuite> <!-- com.revature.test_andy.AndyTestOne -->
