<?xml version="1.0" encoding="UTF-8"?>
<!-- Generated by org.testng.reporters.JUnitReportReporter -->
<testsuite skipped="0" hostname="Andrews-MacBook-Pro.local" name="com.revature.testng.SalesforceLoginTest" tests="5" failures="0" timestamp="10 May 2018 17:48:26 GMT" time="5.047" errors="0">
  <testcase name="f" time="0.027" classname="com.revature.testng.SalesforceLoginTest"/>
  <testcase name="loginAsTrainerWithWrongCredentials" time="0.005" classname="com.revature.testng.SalesforceLoginTest"/>
  <testcase name="findLoginPageSuccessful" time="1.494" classname="com.revature.testng.SalesforceLoginTest"/>
  <testcase name="loginAsTrainerSuccessful" time="3.510" classname="com.revature.testng.SalesforceLoginTest"/>
  <testcase name="f" time="0.011" classname="com.revature.testng.SalesforceLoginTest"/>
</testsuite> <!-- com.revature.testng.SalesforceLoginTest -->
